<?xml version="1.0" encoding="utf-8"?><testsuites name="pytest tests"><testsuite name="pytest" errors="0" failures="1" skipped="0" tests="39" time="16.345" timestamp="2026-05-11T09:07:01.052408+00:00" hostname="agent-env-5e2acbf7-28d7-45cf-8809-8faf9048b68f"><testcase classname="backend.tests.backend_test" name="test_health" time="0.192" /><testcase classname="backend.tests.backend_test" name="test_login_success" time="0.428" /><testcase classname="backend.tests.backend_test" name="test_login_invalid" time="0.193" /><testcase classname="backend.tests.backend_test" name="test_me" time="0.488" /><testcase classname="backend.tests.backend_test" name="test_register_requires_admin" time="0.476" /><testcase classname="backend.tests.backend_test" name="test_register_admin_success" time="0.354" /><testcase classname="backend.tests.backend_test" name="test_list_users" time="0.108" /><testcase classname="backend.tests.backend_test" name="test_create_get_patient" time="0.292" /><testcase classname="backend.tests.backend_test" name="test_list_patients" time="0.105" /><testcase classname="backend.tests.backend_test" name="test_search_patients" time="0.130" /><testcase classname="backend.tests.backend_test" name="test_filter_patients_status" time="0.158" /><testcase classname="backend.tests.backend_test" name="test_update_patient" time="0.199" /><testcase classname="backend.tests.backend_test" name="test_delete_patient" time="0.230" /><testcase classname="backend.tests.backend_test" name="test_patient_timeline" time="0.196" /><testcase classname="backend.tests.backend_test" name="test_patient_csv_import" time="0.117" /><testcase classname="backend.tests.backend_test" name="test_demo_inbound_creates_conv" time="1.984" /><testcase classname="backend.tests.backend_test" name="test_list_conversations" time="0.125" /><testcase classname="backend.tests.backend_test" name="test_get_conversation_details" time="0.125" /><testcase classname="backend.tests.backend_test" name="test_send_message" time="0.154" /><testcase classname="backend.tests.backend_test" name="test_add_note" time="0.146" /><testcase classname="backend.tests.backend_test" name="test_assign_conversation" time="0.171" /><testcase classname="backend.tests.backend_test" name="test_webhook_verify_valid" time="0.099" /><testcase classname="backend.tests.backend_test" name="test_webhook_verify_invalid" time="0.101" /><testcase classname="backend.tests.backend_test" name="test_ai_draft_reply" time="3.603" /><testcase classname="backend.tests.backend_test" name="test_ai_summarize" time="3.623" /><testcase classname="backend.tests.backend_test" name="test_create_appointment_sets_status" time="0.269" /><testcase classname="backend.tests.backend_test" name="test_list_appointments" time="0.102" /><testcase classname="backend.tests.backend_test" name="test_update_appointment" time="0.256" /><testcase classname="backend.tests.backend_test" name="test_list_tasks" time="0.152" /><testcase classname="backend.tests.backend_test" name="test_update_task" time="0.186" /><testcase classname="backend.tests.backend_test" name="test_delete_task" time="0.182" /><testcase classname="backend.tests.backend_test" name="test_templates_crud" time="0.117"><failure message="assert 422 == 200&#10; +  where 422 = &lt;Response [422]&gt;.status_code">backend/tests/backend_test.py:342: in test_templates_crud
    assert r.status_code == 200
E   assert 422 == 200
E    +  where 422 = &lt;Response [422]&gt;.status_code</failure></testcase><testcase classname="backend.tests.backend_test" name="test_list_tags" time="0.115" /><testcase classname="backend.tests.backend_test" name="test_dashboard_overview" time="0.171" /><testcase classname="backend.tests.backend_test" name="test_missed_revenue" time="0.114" /><testcase classname="backend.tests.backend_test" name="test_get_wa_settings" time="0.096" /><testcase classname="backend.tests.backend_test" name="test_update_wa_settings_admin" time="0.117" /><testcase classname="backend.tests.backend_test" name="test_update_wa_settings_non_admin" time="0.100" /><testcase classname="backend.tests.backend_test" name="test_audit_logs_admin_only" time="0.222" /></testsuite></testsuites>