<?xml version="1.0" encoding="utf-8"?><testsuites name="pytest tests"><testsuite name="pytest" errors="0" failures="1" skipped="0" tests="25" time="42.884" timestamp="2026-05-15T07:45:59.374314+00:00" hostname="agent-env-5e2acbf7-28d7-45cf-8809-8faf9048b68f"><testcase classname="backend.tests.test_phase2" name="test_create_doctor_phone_normalized" time="0.644" /><testcase classname="backend.tests.test_phase2" name="test_list_doctors_has_calculated_fields" time="0.181" /><testcase classname="backend.tests.test_phase2" name="test_search_doctors_by_q" time="0.183" /><testcase classname="backend.tests.test_phase2" name="test_filter_doctors_by_category" time="0.105" /><testcase classname="backend.tests.test_phase2" name="test_get_doctor_detail" time="0.154" /><testcase classname="backend.tests.test_phase2" name="test_update_doctor" time="0.197" /><testcase classname="backend.tests.test_phase2" name="test_mark_contacted_updates_timestamp" time="0.228" /><testcase classname="backend.tests.test_phase2" name="test_delete_doctor_soft" time="0.209" /><testcase classname="backend.tests.test_phase2" name="test_create_referral_links_doctor_and_patient" time="0.304" /><testcase classname="backend.tests.test_phase2" name="test_referral_analytics" time="0.103" /><testcase classname="backend.tests.test_phase2" name="test_create_campaign_computes_recipients" time="0.148" /><testcase classname="backend.tests.test_phase2" name="test_list_campaigns" time="0.147" /><testcase classname="backend.tests.test_phase2" name="test_get_campaign_with_recipients" time="0.164" /><testcase classname="backend.tests.test_phase2" name="test_update_campaign" time="0.212" /><testcase classname="backend.tests.test_phase2" name="test_preview_audience_no_filter" time="0.106" /><testcase classname="backend.tests.test_phase2" name="test_preview_audience_with_filter" time="0.109" /><testcase classname="backend.tests.test_phase2" name="test_send_campaign_demo_mode" time="0.169"><failure message="AssertionError: Internal Server Error&#10;assert 500 == 200&#10; +  where 500 = &lt;Response [500]&gt;.status_code">backend/tests/test_phase2.py:254: in test_send_campaign_demo_mode
    assert r.status_code == 200, r.text
E   AssertionError: Internal Server Error
E   assert 500 == 200
E    +  where 500 = &lt;Response [500]&gt;.status_code</failure></testcase><testcase classname="backend.tests.test_phase2" name="test_delete_campaign_soft" time="0.189" /><testcase classname="backend.tests.test_phase2" name="test_get_hospital_profile" time="0.098" /><testcase classname="backend.tests.test_phase2" name="test_update_hospital_profile_admin" time="0.276" /><testcase classname="backend.tests.test_phase2" name="test_update_hospital_profile_non_admin" time="0.457" /><testcase classname="backend.tests.test_phase2" name="test_hospital_profile_import_from_website" time="34.025" /><testcase classname="backend.tests.test_phase2" name="test_import_requires_admin" time="0.172" /><testcase classname="backend.tests.test_phase2" name="test_create_patient_with_referral_doctor" time="0.154" /><testcase classname="backend.tests.test_phase2" name="test_ai_draft_includes_hospital_context" time="4.018" /></testsuite></testsuites>